The system is: Linux - 3.10.0-1160.95.1.el7.x86_64 - x86_64
Compiling the C compiler identification source file "CMakeCCompilerId.c" succeeded.
Compiler: /cvmfs/larsoft.opensciencegrid.org/products/gcc/v9_3_0/Linux64bit+3.10-2.17/bin/cc 
Build flags: 
Id flags:  

The output was:
0


Compilation of the C compiler identification source "CMakeCCompilerId.c" produced "a.out"

The C compiler identification is GNU, found in "/dune/app/users/wenjiewu/FLArE_Dev/FLArE/CMakeFiles/3.20.0/CompilerIdC/a.out"

Compiling the CXX compiler identification source file "CMakeCXXCompilerId.cpp" succeeded.
Compiler: /cvmfs/larsoft.opensciencegrid.org/products/gcc/v9_3_0/Linux64bit+3.10-2.17/bin/c++ 
Build flags: 
Id flags:  

The output was:
0


Compilation of the CXX compiler identification source "CMakeCXXCompilerId.cpp" produced "a.out"

The CXX compiler identification is GNU, found in "/dune/app/users/wenjiewu/FLArE_Dev/FLArE/CMakeFiles/3.20.0/CompilerIdCXX/a.out"

Detecting C compiler ABI info compiled with the following output:
Change Dir: /dune/app/users/wenjiewu/FLArE_Dev/FLArE/CMakeFiles/CMakeTmp

Run Build Command(s):/usr/bin/gmake -f Makefile cmTC_34ee0/fast && /usr/bin/gmake  -f CMakeFiles/cmTC_34ee0.dir/build.make CMakeFiles/cmTC_34ee0.dir/build
gmake[1]: Entering directory `/dune/app/users/wenjiewu/FLArE_Dev/FLArE/CMakeFiles/CMakeTmp'
Building C object CMakeFiles/cmTC_34ee0.dir/CMakeCCompilerABI.c.o
/cvmfs/larsoft.opensciencegrid.org/products/gcc/v9_3_0/Linux64bit+3.10-2.17/bin/cc   -v -o CMakeFiles/cmTC_34ee0.dir/CMakeCCompilerABI.c.o -c /cvmfs/larsoft.opensciencegrid.org/products/cmake/v3_20_0/Linux64bit+3.10-2.17/share/cmake-3.20/Modules/CMakeCCompilerABI.c
Using built-in specs.
COLLECT_GCC=/cvmfs/larsoft.opensciencegrid.org/products/gcc/v9_3_0/Linux64bit+3.10-2.17/bin/cc
Target: x86_64-pc-linux-gnu
Configured with: /scratch/workspace/art-build-base/v11_00_00/SLF7/build/gcc/v9_3_0/src/gcc-9.3.0/configure --prefix=/scratch/workspace/art-build-base/v11_00_00/SLF7/build/gcc/v9_3_0/Linux64bit+3.10-2.17 --disable-libgcj --enable-threads=posix --enable-__cxa_atexit --enable-languages=c,c++,fortran,lto --with-system-zlib --enable-libstdcxx-time=rt --enable-stage1-checking=yes --enable-checking=release --enable-plugin --enable-lto
Thread model: posix
gcc version 9.3.0 (GCC) 
COLLECT_GCC_OPTIONS='-v' '-o' 'CMakeFiles/cmTC_34ee0.dir/CMakeCCompilerABI.c.o' '-c' '-mtune=generic' '-march=x86-64'
 /cvmfs/larsoft.opensciencegrid.org/products/gcc/v9_3_0/Linux64bit+3.10-2.17/bin/../libexec/gcc/x86_64-pc-linux-gnu/9.3.0/cc1 -quiet -v -iprefix /cvmfs/larsoft.opensciencegrid.org/products/gcc/v9_3_0/Linux64bit+3.10-2.17/bin/../lib/gcc/x86_64-pc-linux-gnu/9.3.0/ /cvmfs/larsoft.opensciencegrid.org/products/cmake/v3_20_0/Linux64bit+3.10-2.17/share/cmake-3.20/Modules/CMakeCCompilerABI.c -quiet -dumpbase CMakeCCompilerABI.c -mtune=generic -march=x86-64 -auxbase-strip CMakeFiles/cmTC_34ee0.dir/CMakeCCompilerABI.c.o -version -o /tmp/ccrs2L7R.s
GNU C17 (GCC) version 9.3.0 (x86_64-pc-linux-gnu)
	compiled by GNU C version 9.3.0, GMP version 6.2.0, MPFR version 4.0.2, MPC version 1.1.0, isl version isl-0.18-GMP

GGC heuristics: --param ggc-min-expand=100 --param ggc-min-heapsize=131072
ignoring nonexistent directory "/cvmfs/larsoft.opensciencegrid.org/products/gcc/v9_3_0/Linux64bit+3.10-2.17/bin/../lib/gcc/x86_64-pc-linux-gnu/9.3.0/../../../../x86_64-pc-linux-gnu/include"
ignoring duplicate directory "/cvmfs/larsoft.opensciencegrid.org/products/gcc/v9_3_0/Linux64bit+3.10-2.17/bin/../lib/gcc/../../lib/gcc/x86_64-pc-linux-gnu/9.3.0/include"
ignoring duplicate directory "/cvmfs/larsoft.opensciencegrid.org/products/gcc/v9_3_0/Linux64bit+3.10-2.17/bin/../lib/gcc/../../lib/gcc/x86_64-pc-linux-gnu/9.3.0/include-fixed"
ignoring nonexistent directory "/cvmfs/larsoft.opensciencegrid.org/products/gcc/v9_3_0/Linux64bit+3.10-2.17/bin/../lib/gcc/../../lib/gcc/x86_64-pc-linux-gnu/9.3.0/../../../../x86_64-pc-linux-gnu/include"
#include "..." search starts here:
#include <...> search starts here:
 /cvmfs/larsoft.opensciencegrid.org/products/tbb/v2020_2a/Linux64bit+3.10-2.17-e20-prof/include
 /cvmfs/larsoft.opensciencegrid.org/products/gcc/v9_3_0/Linux64bit+3.10-2.17/bin/../lib/gcc/x86_64-pc-linux-gnu/9.3.0/include
 /cvmfs/larsoft.opensciencegrid.org/products/gcc/v9_3_0/Linux64bit+3.10-2.17/bin/../lib/gcc/x86_64-pc-linux-gnu/9.3.0/include-fixed
 /usr/local/include
 /cvmfs/larsoft.opensciencegrid.org/products/gcc/v9_3_0/Linux64bit+3.10-2.17/bin/../lib/gcc/../../include
 /usr/include
End of search list.
GNU C17 (GCC) version 9.3.0 (x86_64-pc-linux-gnu)
	compiled by GNU C version 9.3.0, GMP version 6.2.0, MPFR version 4.0.2, MPC version 1.1.0, isl version isl-0.18-GMP

GGC heuristics: --param ggc-min-expand=100 --param ggc-min-heapsize=131072
Compiler executable checksum: 5fbccb8a233c28e3ee333e5ef32b8249
COLLECT_GCC_OPTIONS='-v' '-o' 'CMakeFiles/cmTC_34ee0.dir/CMakeCCompilerABI.c.o' '-c' '-mtune=generic' '-march=x86-64'
 as -v --64 -o CMakeFiles/cmTC_34ee0.dir/CMakeCCompilerABI.c.o /tmp/ccrs2L7R.s
GNU assembler version 2.27 (x86_64-redhat-linux) using BFD version version 2.27-44.base.el7_9.1
COMPILER_PATH=/cvmfs/larsoft.opensciencegrid.org/products/gcc/v9_3_0/Linux64bit+3.10-2.17/bin/../libexec/gcc/x86_64-pc-linux-gnu/9.3.0/:/cvmfs/larsoft.opensciencegrid.org/products/gcc/v9_3_0/Linux64bit+3.10-2.17/bin/../libexec/gcc/:/cvmfs/larsoft.opensciencegrid.org/products/gcc/v9_3_0/Linux64bit+3.10-2.17/bin/
LIBRARY_PATH=/cvmfs/larsoft.opensciencegrid.org/products/gcc/v9_3_0/Linux64bit+3.10-2.17/bin/../lib/gcc/x86_64-pc-linux-gnu/9.3.0/:/cvmfs/larsoft.opensciencegrid.org/products/gcc/v9_3_0/Linux64bit+3.10-2.17/bin/../lib/gcc/:/cvmfs/larsoft.opensciencegrid.org/products/gcc/v9_3_0/Linux64bit+3.10-2.17/bin/../lib/gcc/x86_64-pc-linux-gnu/9.3.0/../../../../lib64/:/lib/../lib64/:/usr/lib/../lib64/:/cvmfs/larsoft.opensciencegrid.org/products/libwda/v2_29_1/Linux64bit+3.10-2.17/lib/:/cvmfs/larsoft.opensciencegrid.org/products/gcc/v9_3_0/Linux64bit+3.10-2.17/bin/../lib/gcc/x86_64-pc-linux-gnu/9.3.0/../../../:/lib/:/usr/lib/
COLLECT_GCC_OPTIONS='-v' '-o' 'CMakeFiles/cmTC_34ee0.dir/CMakeCCompilerABI.c.o' '-c' '-mtune=generic' '-march=x86-64'
Linking C executable cmTC_34ee0
/cvmfs/larsoft.opensciencegrid.org/products/cmake/v3_20_0/Linux64bit+3.10-2.17/bin/cmake -E cmake_link_script CMakeFiles/cmTC_34ee0.dir/link.txt --verbose=1
/cvmfs/larsoft.opensciencegrid.org/products/gcc/v9_3_0/Linux64bit+3.10-2.17/bin/cc  -v -rdynamic CMakeFiles/cmTC_34ee0.dir/CMakeCCompilerABI.c.o -o cmTC_34ee0 
Using built-in specs.
COLLECT_GCC=/cvmfs/larsoft.opensciencegrid.org/products/gcc/v9_3_0/Linux64bit+3.10-2.17/bin/cc
COLLECT_LTO_WRAPPER=/cvmfs/larsoft.opensciencegrid.org/products/gcc/v9_3_0/Linux64bit+3.10-2.17/bin/../libexec/gcc/x86_64-pc-linux-gnu/9.3.0/lto-wrapper
Target: x86_64-pc-linux-gnu
Configured with: /scratch/workspace/art-build-base/v11_00_00/SLF7/build/gcc/v9_3_0/src/gcc-9.3.0/configure --prefix=/scratch/workspace/art-build-base/v11_00_00/SLF7/build/gcc/v9_3_0/Linux64bit+3.10-2.17 --disable-libgcj --enable-threads=posix --enable-__cxa_atexit --enable-languages=c,c++,fortran,lto --with-system-zlib --enable-libstdcxx-time=rt --enable-stage1-checking=yes --enable-checking=release --enable-plugin --enable-lto
Thread model: posix
gcc version 9.3.0 (GCC) 
COMPILER_PATH=/cvmfs/larsoft.opensciencegrid.org/products/gcc/v9_3_0/Linux64bit+3.10-2.17/bin/../libexec/gcc/x86_64-pc-linux-gnu/9.3.0/:/cvmfs/larsoft.opensciencegrid.org/products/gcc/v9_3_0/Linux64bit+3.10-2.17/bin/../libexec/gcc/:/cvmfs/larsoft.opensciencegrid.org/products/gcc/v9_3_0/Linux64bit+3.10-2.17/bin/
LIBRARY_PATH=/cvmfs/larsoft.opensciencegrid.org/products/gcc/v9_3_0/Linux64bit+3.10-2.17/bin/../lib/gcc/x86_64-pc-linux-gnu/9.3.0/:/cvmfs/larsoft.opensciencegrid.org/products/gcc/v9_3_0/Linux64bit+3.10-2.17/bin/../lib/gcc/:/cvmfs/larsoft.opensciencegrid.org/products/gcc/v9_3_0/Linux64bit+3.10-2.17/bin/../lib/gcc/x86_64-pc-linux-gnu/9.3.0/../../../../lib64/:/lib/../lib64/:/usr/lib/../lib64/:/cvmfs/larsoft.opensciencegrid.org/products/libwda/v2_29_1/Linux64bit+3.10-2.17/lib/:/cvmfs/larsoft.opensciencegrid.org/products/gcc/v9_3_0/Linux64bit+3.10-2.17/bin/../lib/gcc/x86_64-pc-linux-gnu/9.3.0/../../../:/lib/:/usr/lib/
COLLECT_GCC_OPTIONS='-v' '-rdynamic' '-o' 'cmTC_34ee0' '-mtune=generic' '-march=x86-64'
 /cvmfs/larsoft.opensciencegrid.org/products/gcc/v9_3_0/Linux64bit+3.10-2.17/bin/../libexec/gcc/x86_64-pc-linux-gnu/9.3.0/collect2 -plugin /cvmfs/larsoft.opensciencegrid.org/products/gcc/v9_3_0/Linux64bit+3.10-2.17/bin/../libexec/gcc/x86_64-pc-linux-gnu/9.3.0/liblto_plugin.so -plugin-opt=/cvmfs/larsoft.opensciencegrid.org/products/gcc/v9_3_0/Linux64bit+3.10-2.17/bin/../libexec/gcc/x86_64-pc-linux-gnu/9.3.0/lto-wrapper -plugin-opt=-fresolution=/tmp/cciYJ07W.res -plugin-opt=-pass-through=-lgcc -plugin-opt=-pass-through=-lgcc_s -plugin-opt=-pass-through=-lc -plugin-opt=-pass-through=-lgcc -plugin-opt=-pass-through=-lgcc_s --eh-frame-hdr -m elf_x86_64 -export-dynamic -dynamic-linker /lib64/ld-linux-x86-64.so.2 -o cmTC_34ee0 /lib/../lib64/crt1.o /lib/../lib64/crti.o /cvmfs/larsoft.opensciencegrid.org/products/gcc/v9_3_0/Linux64bit+3.10-2.17/bin/../lib/gcc/x86_64-pc-linux-gnu/9.3.0/crtbegin.o -L/cvmfs/larsoft.opensciencegrid.org/products/gcc/v9_3_0/Linux64bit+3.10-2.17/bin/../lib/gcc/x86_64-pc-linux-gnu/9.3.0 -L/cvmfs/larsoft.opensciencegrid.org/products/gcc/v9_3_0/Linux64bit+3.10-2.17/bin/../lib/gcc -L/cvmfs/larsoft.opensciencegrid.org/products/gcc/v9_3_0/Linux64bit+3.10-2.17/bin/../lib/gcc/x86_64-pc-linux-gnu/9.3.0/../../../../lib64 -L/lib/../lib64 -L/usr/lib/../lib64 -L/cvmfs/larsoft.opensciencegrid.org/products/libwda/v2_29_1/Linux64bit+3.10-2.17/lib -L/cvmfs/larsoft.opensciencegrid.org/products/gcc/v9_3_0/Linux64bit+3.10-2.17/bin/../lib/gcc/x86_64-pc-linux-gnu/9.3.0/../../.. CMakeFiles/cmTC_34ee0.dir/CMakeCCompilerABI.c.o -lgcc --as-needed -lgcc_s --no-as-needed -lc -lgcc --as-needed -lgcc_s --no-as-needed /cvmfs/larsoft.opensciencegrid.org/products/gcc/v9_3_0/Linux64bit+3.10-2.17/bin/../lib/gcc/x86_64-pc-linux-gnu/9.3.0/crtend.o /lib/../lib64/crtn.o
COLLECT_GCC_OPTIONS='-v' '-rdynamic' '-o' 'cmTC_34ee0' '-mtune=generic' '-march=x86-64'
gmake[1]: Leaving directory `/dune/app/users/wenjiewu/FLArE_Dev/FLArE/CMakeFiles/CMakeTmp'



Parsed C implicit include dir info from above output: rv=done
  found start of include info
  found start of implicit include info
    add: [/cvmfs/larsoft.opensciencegrid.org/products/tbb/v2020_2a/Linux64bit+3.10-2.17-e20-prof/include]
    add: [/cvmfs/larsoft.opensciencegrid.org/products/gcc/v9_3_0/Linux64bit+3.10-2.17/bin/../lib/gcc/x86_64-pc-linux-gnu/9.3.0/include]
    add: [/cvmfs/larsoft.opensciencegrid.org/products/gcc/v9_3_0/Linux64bit+3.10-2.17/bin/../lib/gcc/x86_64-pc-linux-gnu/9.3.0/include-fixed]
    add: [/usr/local/include]
    add: [/cvmfs/larsoft.opensciencegrid.org/products/gcc/v9_3_0/Linux64bit+3.10-2.17/bin/../lib/gcc/../../include]
    add: [/usr/include]
  end of search list found
  collapse include dir [/cvmfs/larsoft.opensciencegrid.org/products/tbb/v2020_2a/Linux64bit+3.10-2.17-e20-prof/include] ==> [/cvmfs/larsoft.opensciencegrid.org/products/tbb/v2020_2a/Linux64bit+3.10-2.17-e20-prof/include]
  collapse include dir [/cvmfs/larsoft.opensciencegrid.org/products/gcc/v9_3_0/Linux64bit+3.10-2.17/bin/../lib/gcc/x86_64-pc-linux-gnu/9.3.0/include] ==> [/cvmfs/larsoft.opensciencegrid.org/products/gcc/v9_3_0/Linux64bit+3.10-2.17/lib/gcc/x86_64-pc-linux-gnu/9.3.0/include]
  collapse include dir [/cvmfs/larsoft.opensciencegrid.org/products/gcc/v9_3_0/Linux64bit+3.10-2.17/bin/../lib/gcc/x86_64-pc-linux-gnu/9.3.0/include-fixed] ==> [/cvmfs/larsoft.opensciencegrid.org/products/gcc/v9_3_0/Linux64bit+3.10-2.17/lib/gcc/x86_64-pc-linux-gnu/9.3.0/include-fixed]
  collapse include dir [/usr/local/include] ==> [/usr/local/include]
  collapse include dir [/cvmfs/larsoft.opensciencegrid.org/products/gcc/v9_3_0/Linux64bit+3.10-2.17/bin/../lib/gcc/../../include] ==> [/cvmfs/larsoft.opensciencegrid.org/products/gcc/v9_3_0/Linux64bit+3.10-2.17/include]
  collapse include dir [/usr/include] ==> [/usr/include]
  implicit include dirs: [/cvmfs/larsoft.opensciencegrid.org/products/tbb/v2020_2a/Linux64bit+3.10-2.17-e20-prof/include;/cvmfs/larsoft.opensciencegrid.org/products/gcc/v9_3_0/Linux64bit+3.10-2.17/lib/gcc/x86_64-pc-linux-gnu/9.3.0/include;/cvmfs/larsoft.opensciencegrid.org/products/gcc/v9_3_0/Linux64bit+3.10-2.17/lib/gcc/x86_64-pc-linux-gnu/9.3.0/include-fixed;/usr/local/include;/cvmfs/larsoft.opensciencegrid.org/products/gcc/v9_3_0/Linux64bit+3.10-2.17/include;/usr/include]


Parsed C implicit link information from above output:
  link line regex: [^( *|.*[/\])(ld|CMAKE_LINK_STARTFILE-NOTFOUND|([^/\]+-)?ld|collect2)[^/\]*( |$)]
  ignore line: [Change Dir: /dune/app/users/wenjiewu/FLArE_Dev/FLArE/CMakeFiles/CMakeTmp]
  ignore line: []
  ignore line: [Run Build Command(s):/usr/bin/gmake -f Makefile cmTC_34ee0/fast && /usr/bin/gmake  -f CMakeFiles/cmTC_34ee0.dir/build.make CMakeFiles/cmTC_34ee0.dir/build]
  ignore line: [gmake[1]: Entering directory `/dune/app/users/wenjiewu/FLArE_Dev/FLArE/CMakeFiles/CMakeTmp']
  ignore line: [Building C object CMakeFiles/cmTC_34ee0.dir/CMakeCCompilerABI.c.o]
  ignore line: [/cvmfs/larsoft.opensciencegrid.org/products/gcc/v9_3_0/Linux64bit+3.10-2.17/bin/cc   -v -o CMakeFiles/cmTC_34ee0.dir/CMakeCCompilerABI.c.o -c /cvmfs/larsoft.opensciencegrid.org/products/cmake/v3_20_0/Linux64bit+3.10-2.17/share/cmake-3.20/Modules/CMakeCCompilerABI.c]
  ignore line: [Using built-in specs.]
  ignore line: [COLLECT_GCC=/cvmfs/larsoft.opensciencegrid.org/products/gcc/v9_3_0/Linux64bit+3.10-2.17/bin/cc]
  ignore line: [Target: x86_64-pc-linux-gnu]
  ignore line: [Configured with: /scratch/workspace/art-build-base/v11_00_00/SLF7/build/gcc/v9_3_0/src/gcc-9.3.0/configure --prefix=/scratch/workspace/art-build-base/v11_00_00/SLF7/build/gcc/v9_3_0/Linux64bit+3.10-2.17 --disable-libgcj --enable-threads=posix --enable-__cxa_atexit --enable-languages=c c++ fortran lto --with-system-zlib --enable-libstdcxx-time=rt --enable-stage1-checking=yes --enable-checking=release --enable-plugin --enable-lto]
  ignore line: [Thread model: posix]
  ignore line: [gcc version 9.3.0 (GCC) ]
  ignore line: [COLLECT_GCC_OPTIONS='-v' '-o' 'CMakeFiles/cmTC_34ee0.dir/CMakeCCompilerABI.c.o' '-c' '-mtune=generic' '-march=x86-64']
  ignore line: [ /cvmfs/larsoft.opensciencegrid.org/products/gcc/v9_3_0/Linux64bit+3.10-2.17/bin/../libexec/gcc/x86_64-pc-linux-gnu/9.3.0/cc1 -quiet -v -iprefix /cvmfs/larsoft.opensciencegrid.org/products/gcc/v9_3_0/Linux64bit+3.10-2.17/bin/../lib/gcc/x86_64-pc-linux-gnu/9.3.0/ /cvmfs/larsoft.opensciencegrid.org/products/cmake/v3_20_0/Linux64bit+3.10-2.17/share/cmake-3.20/Modules/CMakeCCompilerABI.c -quiet -dumpbase CMakeCCompilerABI.c -mtune=generic -march=x86-64 -auxbase-strip CMakeFiles/cmTC_34ee0.dir/CMakeCCompilerABI.c.o -version -o /tmp/ccrs2L7R.s]
  ignore line: [GNU C17 (GCC) version 9.3.0 (x86_64-pc-linux-gnu)]
  ignore line: [	compiled by GNU C version 9.3.0  GMP version 6.2.0  MPFR version 4.0.2  MPC version 1.1.0  isl version isl-0.18-GMP]
  ignore line: []
  ignore line: [GGC heuristics: --param ggc-min-expand=100 --param ggc-min-heapsize=131072]
  ignore line: [ignoring nonexistent directory "/cvmfs/larsoft.opensciencegrid.org/products/gcc/v9_3_0/Linux64bit+3.10-2.17/bin/../lib/gcc/x86_64-pc-linux-gnu/9.3.0/../../../../x86_64-pc-linux-gnu/include"]
  ignore line: [ignoring duplicate directory "/cvmfs/larsoft.opensciencegrid.org/products/gcc/v9_3_0/Linux64bit+3.10-2.17/bin/../lib/gcc/../../lib/gcc/x86_64-pc-linux-gnu/9.3.0/include"]
  ignore line: [ignoring duplicate directory "/cvmfs/larsoft.opensciencegrid.org/products/gcc/v9_3_0/Linux64bit+3.10-2.17/bin/../lib/gcc/../../lib/gcc/x86_64-pc-linux-gnu/9.3.0/include-fixed"]
  ignore line: [ignoring nonexistent directory "/cvmfs/larsoft.opensciencegrid.org/products/gcc/v9_3_0/Linux64bit+3.10-2.17/bin/../lib/gcc/../../lib/gcc/x86_64-pc-linux-gnu/9.3.0/../../../../x86_64-pc-linux-gnu/include"]
  ignore line: [#include "..." search starts here:]
  ignore line: [#include <...> search starts here:]
  ignore line: [ /cvmfs/larsoft.opensciencegrid.org/products/tbb/v2020_2a/Linux64bit+3.10-2.17-e20-prof/include]
  ignore line: [ /cvmfs/larsoft.opensciencegrid.org/products/gcc/v9_3_0/Linux64bit+3.10-2.17/bin/../lib/gcc/x86_64-pc-linux-gnu/9.3.0/include]
  ignore line: [ /cvmfs/larsoft.opensciencegrid.org/products/gcc/v9_3_0/Linux64bit+3.10-2.17/bin/../lib/gcc/x86_64-pc-linux-gnu/9.3.0/include-fixed]
  ignore line: [ /usr/local/include]
  ignore line: [ /cvmfs/larsoft.opensciencegrid.org/products/gcc/v9_3_0/Linux64bit+3.10-2.17/bin/../lib/gcc/../../include]
  ignore line: [ /usr/include]
  ignore line: [End of search list.]
  ignore line: [GNU C17 (GCC) version 9.3.0 (x86_64-pc-linux-gnu)]
  ignore line: [	compiled by GNU C version 9.3.0  GMP version 6.2.0  MPFR version 4.0.2  MPC version 1.1.0  isl version isl-0.18-GMP]
  ignore line: []
  ignore line: [GGC heuristics: --param ggc-min-expand=100 --param ggc-min-heapsize=131072]
  ignore line: [Compiler executable checksum: 5fbccb8a233c28e3ee333e5ef32b8249]
  ignore line: [COLLECT_GCC_OPTIONS='-v' '-o' 'CMakeFiles/cmTC_34ee0.dir/CMakeCCompilerABI.c.o' '-c' '-mtune=generic' '-march=x86-64']
  ignore line: [ as -v --64 -o CMakeFiles/cmTC_34ee0.dir/CMakeCCompilerABI.c.o /tmp/ccrs2L7R.s]
  ignore line: [GNU assembler version 2.27 (x86_64-redhat-linux) using BFD version version 2.27-44.base.el7_9.1]
  ignore line: [COMPILER_PATH=/cvmfs/larsoft.opensciencegrid.org/products/gcc/v9_3_0/Linux64bit+3.10-2.17/bin/../libexec/gcc/x86_64-pc-linux-gnu/9.3.0/:/cvmfs/larsoft.opensciencegrid.org/products/gcc/v9_3_0/Linux64bit+3.10-2.17/bin/../libexec/gcc/:/cvmfs/larsoft.opensciencegrid.org/products/gcc/v9_3_0/Linux64bit+3.10-2.17/bin/]
  ignore line: [LIBRARY_PATH=/cvmfs/larsoft.opensciencegrid.org/products/gcc/v9_3_0/Linux64bit+3.10-2.17/bin/../lib/gcc/x86_64-pc-linux-gnu/9.3.0/:/cvmfs/larsoft.opensciencegrid.org/products/gcc/v9_3_0/Linux64bit+3.10-2.17/bin/../lib/gcc/:/cvmfs/larsoft.opensciencegrid.org/products/gcc/v9_3_0/Linux64bit+3.10-2.17/bin/../lib/gcc/x86_64-pc-linux-gnu/9.3.0/../../../../lib64/:/lib/../lib64/:/usr/lib/../lib64/:/cvmfs/larsoft.opensciencegrid.org/products/libwda/v2_29_1/Linux64bit+3.10-2.17/lib/:/cvmfs/larsoft.opensciencegrid.org/products/gcc/v9_3_0/Linux64bit+3.10-2.17/bin/../lib/gcc/x86_64-pc-linux-gnu/9.3.0/../../../:/lib/:/usr/lib/]
  ignore line: [COLLECT_GCC_OPTIONS='-v' '-o' 'CMakeFiles/cmTC_34ee0.dir/CMakeCCompilerABI.c.o' '-c' '-mtune=generic' '-march=x86-64']
  ignore line: [Linking C executable cmTC_34ee0]
  ignore line: [/cvmfs/larsoft.opensciencegrid.org/products/cmake/v3_20_0/Linux64bit+3.10-2.17/bin/cmake -E cmake_link_script CMakeFiles/cmTC_34ee0.dir/link.txt --verbose=1]
  ignore line: [/cvmfs/larsoft.opensciencegrid.org/products/gcc/v9_3_0/Linux64bit+3.10-2.17/bin/cc  -v -rdynamic CMakeFiles/cmTC_34ee0.dir/CMakeCCompilerABI.c.o -o cmTC_34ee0 ]
  ignore line: [Using built-in specs.]
  ignore line: [COLLECT_GCC=/cvmfs/larsoft.opensciencegrid.org/products/gcc/v9_3_0/Linux64bit+3.10-2.17/bin/cc]
  ignore line: [COLLECT_LTO_WRAPPER=/cvmfs/larsoft.opensciencegrid.org/products/gcc/v9_3_0/Linux64bit+3.10-2.17/bin/../libexec/gcc/x86_64-pc-linux-gnu/9.3.0/lto-wrapper]
  ignore line: [Target: x86_64-pc-linux-gnu]
  ignore line: [Configured with: /scratch/workspace/art-build-base/v11_00_00/SLF7/build/gcc/v9_3_0/src/gcc-9.3.0/configure --prefix=/scratch/workspace/art-build-base/v11_00_00/SLF7/build/gcc/v9_3_0/Linux64bit+3.10-2.17 --disable-libgcj --enable-threads=posix --enable-__cxa_atexit --enable-languages=c c++ fortran lto --with-system-zlib --enable-libstdcxx-time=rt --enable-stage1-checking=yes --enable-checking=release --enable-plugin --enable-lto]
  ignore line: [Thread model: posix]
  ignore line: [gcc version 9.3.0 (GCC) ]
  ignore line: [COMPILER_PATH=/cvmfs/larsoft.opensciencegrid.org/products/gcc/v9_3_0/Linux64bit+3.10-2.17/bin/../libexec/gcc/x86_64-pc-linux-gnu/9.3.0/:/cvmfs/larsoft.opensciencegrid.org/products/gcc/v9_3_0/Linux64bit+3.10-2.17/bin/../libexec/gcc/:/cvmfs/larsoft.opensciencegrid.org/products/gcc/v9_3_0/Linux64bit+3.10-2.17/bin/]
  ignore line: [LIBRARY_PATH=/cvmfs/larsoft.opensciencegrid.org/products/gcc/v9_3_0/Linux64bit+3.10-2.17/bin/../lib/gcc/x86_64-pc-linux-gnu/9.3.0/:/cvmfs/larsoft.opensciencegrid.org/products/gcc/v9_3_0/Linux64bit+3.10-2.17/bin/../lib/gcc/:/cvmfs/larsoft.opensciencegrid.org/products/gcc/v9_3_0/Linux64bit+3.10-2.17/bin/../lib/gcc/x86_64-pc-linux-gnu/9.3.0/../../../../lib64/:/lib/../lib64/:/usr/lib/../lib64/:/cvmfs/larsoft.opensciencegrid.org/products/libwda/v2_29_1/Linux64bit+3.10-2.17/lib/:/cvmfs/larsoft.opensciencegrid.org/products/gcc/v9_3_0/Linux64bit+3.10-2.17/bin/../lib/gcc/x86_64-pc-linux-gnu/9.3.0/../../../:/lib/:/usr/lib/]
  ignore line: [COLLECT_GCC_OPTIONS='-v' '-rdynamic' '-o' 'cmTC_34ee0' '-mtune=generic' '-march=x86-64']
  link line: [ /cvmfs/larsoft.opensciencegrid.org/products/gcc/v9_3_0/Linux64bit+3.10-2.17/bin/../libexec/gcc/x86_64-pc-linux-gnu/9.3.0/collect2 -plugin /cvmfs/larsoft.opensciencegrid.org/products/gcc/v9_3_0/Linux64bit+3.10-2.17/bin/../libexec/gcc/x86_64-pc-linux-gnu/9.3.0/liblto_plugin.so -plugin-opt=/cvmfs/larsoft.opensciencegrid.org/products/gcc/v9_3_0/Linux64bit+3.10-2.17/bin/../libexec/gcc/x86_64-pc-linux-gnu/9.3.0/lto-wrapper -plugin-opt=-fresolution=/tmp/cciYJ07W.res -plugin-opt=-pass-through=-lgcc -plugin-opt=-pass-through=-lgcc_s -plugin-opt=-pass-through=-lc -plugin-opt=-pass-through=-lgcc -plugin-opt=-pass-through=-lgcc_s --eh-frame-hdr -m elf_x86_64 -export-dynamic -dynamic-linker /lib64/ld-linux-x86-64.so.2 -o cmTC_34ee0 /lib/../lib64/crt1.o /lib/../lib64/crti.o /cvmfs/larsoft.opensciencegrid.org/products/gcc/v9_3_0/Linux64bit+3.10-2.17/bin/../lib/gcc/x86_64-pc-linux-gnu/9.3.0/crtbegin.o -L/cvmfs/larsoft.opensciencegrid.org/products/gcc/v9_3_0/Linux64bit+3.10-2.17/bin/../lib/gcc/x86_64-pc-linux-gnu/9.3.0 -L/cvmfs/larsoft.opensciencegrid.org/products/gcc/v9_3_0/Linux64bit+3.10-2.17/bin/../lib/gcc -L/cvmfs/larsoft.opensciencegrid.org/products/gcc/v9_3_0/Linux64bit+3.10-2.17/bin/../lib/gcc/x86_64-pc-linux-gnu/9.3.0/../../../../lib64 -L/lib/../lib64 -L/usr/lib/../lib64 -L/cvmfs/larsoft.opensciencegrid.org/products/libwda/v2_29_1/Linux64bit+3.10-2.17/lib -L/cvmfs/larsoft.opensciencegrid.org/products/gcc/v9_3_0/Linux64bit+3.10-2.17/bin/../lib/gcc/x86_64-pc-linux-gnu/9.3.0/../../.. CMakeFiles/cmTC_34ee0.dir/CMakeCCompilerABI.c.o -lgcc --as-needed -lgcc_s --no-as-needed -lc -lgcc --as-needed -lgcc_s --no-as-needed /cvmfs/larsoft.opensciencegrid.org/products/gcc/v9_3_0/Linux64bit+3.10-2.17/bin/../lib/gcc/x86_64-pc-linux-gnu/9.3.0/crtend.o /lib/../lib64/crtn.o]
    arg [/cvmfs/larsoft.opensciencegrid.org/products/gcc/v9_3_0/Linux64bit+3.10-2.17/bin/../libexec/gcc/x86_64-pc-linux-gnu/9.3.0/collect2] ==> ignore
    arg [-plugin] ==> ignore
    arg [/cvmfs/larsoft.opensciencegrid.org/products/gcc/v9_3_0/Linux64bit+3.10-2.17/bin/../libexec/gcc/x86_64-pc-linux-gnu/9.3.0/liblto_plugin.so] ==> ignore
    arg [-plugin-opt=/cvmfs/larsoft.opensciencegrid.org/products/gcc/v9_3_0/Linux64bit+3.10-2.17/bin/../libexec/gcc/x86_64-pc-linux-gnu/9.3.0/lto-wrapper] ==> ignore
    arg [-plugin-opt=-fresolution=/tmp/cciYJ07W.res] ==> ignore
    arg [-plugin-opt=-pass-through=-lgcc] ==> ignore
    arg [-plugin-opt=-pass-through=-lgcc_s] ==> ignore
    arg [-plugin-opt=-pass-through=-lc] ==> ignore
    arg [-plugin-opt=-pass-through=-lgcc] ==> ignore
    arg [-plugin-opt=-pass-through=-lgcc_s] ==> ignore
    arg [--eh-frame-hdr] ==> ignore
    arg [-m] ==> ignore
    arg [elf_x86_64] ==> ignore
    arg [-export-dynamic] ==> ignore
    arg [-dynamic-linker] ==> ignore
    arg [/lib64/ld-linux-x86-64.so.2] ==> ignore
    arg [-o] ==> ignore
    arg [cmTC_34ee0] ==> ignore
    arg [/lib/../lib64/crt1.o] ==> ignore
    arg [/lib/../lib64/crti.o] ==> ignore
    arg [/cvmfs/larsoft.opensciencegrid.org/products/gcc/v9_3_0/Linux64bit+3.10-2.17/bin/../lib/gcc/x86_64-pc-linux-gnu/9.3.0/crtbegin.o] ==> ignore
    arg [-L/cvmfs/larsoft.opensciencegrid.org/products/gcc/v9_3_0/Linux64bit+3.10-2.17/bin/../lib/gcc/x86_64-pc-linux-gnu/9.3.0] ==> dir [/cvmfs/larsoft.opensciencegrid.org/products/gcc/v9_3_0/Linux64bit+3.10-2.17/bin/../lib/gcc/x86_64-pc-linux-gnu/9.3.0]
    arg [-L/cvmfs/larsoft.opensciencegrid.org/products/gcc/v9_3_0/Linux64bit+3.10-2.17/bin/../lib/gcc] ==> dir [/cvmfs/larsoft.opensciencegrid.org/products/gcc/v9_3_0/Linux64bit+3.10-2.17/bin/../lib/gcc]
    arg [-L/cvmfs/larsoft.opensciencegrid.org/products/gcc/v9_3_0/Linux64bit+3.10-2.17/bin/../lib/gcc/x86_64-pc-linux-gnu/9.3.0/../../../../lib64] ==> dir [/cvmfs/larsoft.opensciencegrid.org/products/gcc/v9_3_0/Linux64bit+3.10-2.17/bin/../lib/gcc/x86_64-pc-linux-gnu/9.3.0/../../../../lib64]
    arg [-L/lib/../lib64] ==> dir [/lib/../lib64]
    arg [-L/usr/lib/../lib64] ==> dir [/usr/lib/../lib64]
    arg [-L/cvmfs/larsoft.opensciencegrid.org/products/libwda/v2_29_1/Linux64bit+3.10-2.17/lib] ==> dir [/cvmfs/larsoft.opensciencegrid.org/products/libwda/v2_29_1/Linux64bit+3.10-2.17/lib]
    arg [-L/cvmfs/larsoft.opensciencegrid.org/products/gcc/v9_3_0/Linux64bit+3.10-2.17/bin/../lib/gcc/x86_64-pc-linux-gnu/9.3.0/../../..] ==> dir [/cvmfs/larsoft.opensciencegrid.org/products/gcc/v9_3_0/Linux64bit+3.10-2.17/bin/../lib/gcc/x86_64-pc-linux-gnu/9.3.0/../../..]
    arg [CMakeFiles/cmTC_34ee0.dir/CMakeCCompilerABI.c.o] ==> ignore
    arg [-lgcc] ==> lib [gcc]
    arg [--as-needed] ==> ignore
    arg [-lgcc_s] ==> lib [gcc_s]
    arg [--no-as-needed] ==> ignore
    arg [-lc] ==> lib [c]
    arg [-lgcc] ==> lib [gcc]
    arg [--as-needed] ==> ignore
    arg [-lgcc_s] ==> lib [gcc_s]
    arg [--no-as-needed] ==> ignore
    arg [/cvmfs/larsoft.opensciencegrid.org/products/gcc/v9_3_0/Linux64bit+3.10-2.17/bin/../lib/gcc/x86_64-pc-linux-gnu/9.3.0/crtend.o] ==> ignore
    arg [/lib/../lib64/crtn.o] ==> ignore
  collapse library dir [/cvmfs/larsoft.opensciencegrid.org/products/gcc/v9_3_0/Linux64bit+3.10-2.17/bin/../lib/gcc/x86_64-pc-linux-gnu/9.3.0] ==> [/cvmfs/larsoft.opensciencegrid.org/products/gcc/v9_3_0/Linux64bit+3.10-2.17/lib/gcc/x86_64-pc-linux-gnu/9.3.0]
  collapse library dir [/cvmfs/larsoft.opensciencegrid.org/products/gcc/v9_3_0/Linux64bit+3.10-2.17/bin/../lib/gcc] ==> [/cvmfs/larsoft.opensciencegrid.org/products/gcc/v9_3_0/Linux64bit+3.10-2.17/lib/gcc]
  collapse library dir [/cvmfs/larsoft.opensciencegrid.org/products/gcc/v9_3_0/Linux64bit+3.10-2.17/bin/../lib/gcc/x86_64-pc-linux-gnu/9.3.0/../../../../lib64] ==> [/cvmfs/larsoft.opensciencegrid.org/products/gcc/v9_3_0/Linux64bit+3.10-2.17/lib64]
  collapse library dir [/lib/../lib64] ==> [/lib64]
  collapse library dir [/usr/lib/../lib64] ==> [/usr/lib64]
  collapse library dir [/cvmfs/larsoft.opensciencegrid.org/products/libwda/v2_29_1/Linux64bit+3.10-2.17/lib] ==> [/cvmfs/larsoft.opensciencegrid.org/products/libwda/v2_29_1/Linux64bit+3.10-2.17/lib]
  collapse library dir [/cvmfs/larsoft.opensciencegrid.org/products/gcc/v9_3_0/Linux64bit+3.10-2.17/bin/../lib/gcc/x86_64-pc-linux-gnu/9.3.0/../../..] ==> [/cvmfs/larsoft.opensciencegrid.org/products/gcc/v9_3_0/Linux64bit+3.10-2.17/lib]
  implicit libs: [gcc;gcc_s;c;gcc;gcc_s]
  implicit dirs: [/cvmfs/larsoft.opensciencegrid.org/products/gcc/v9_3_0/Linux64bit+3.10-2.17/lib/gcc/x86_64-pc-linux-gnu/9.3.0;/cvmfs/larsoft.opensciencegrid.org/products/gcc/v9_3_0/Linux64bit+3.10-2.17/lib/gcc;/cvmfs/larsoft.opensciencegrid.org/products/gcc/v9_3_0/Linux64bit+3.10-2.17/lib64;/lib64;/usr/lib64;/cvmfs/larsoft.opensciencegrid.org/products/libwda/v2_29_1/Linux64bit+3.10-2.17/lib;/cvmfs/larsoft.opensciencegrid.org/products/gcc/v9_3_0/Linux64bit+3.10-2.17/lib]
  implicit fwks: []


Detecting CXX compiler ABI info compiled with the following output:
Change Dir: /dune/app/users/wenjiewu/FLArE_Dev/FLArE/CMakeFiles/CMakeTmp

Run Build Command(s):/usr/bin/gmake -f Makefile cmTC_b334e/fast && /usr/bin/gmake  -f CMakeFiles/cmTC_b334e.dir/build.make CMakeFiles/cmTC_b334e.dir/build
gmake[1]: Entering directory `/dune/app/users/wenjiewu/FLArE_Dev/FLArE/CMakeFiles/CMakeTmp'
Building CXX object CMakeFiles/cmTC_b334e.dir/CMakeCXXCompilerABI.cpp.o
/cvmfs/larsoft.opensciencegrid.org/products/gcc/v9_3_0/Linux64bit+3.10-2.17/bin/c++   -v -o CMakeFiles/cmTC_b334e.dir/CMakeCXXCompilerABI.cpp.o -c /cvmfs/larsoft.opensciencegrid.org/products/cmake/v3_20_0/Linux64bit+3.10-2.17/share/cmake-3.20/Modules/CMakeCXXCompilerABI.cpp
Using built-in specs.
COLLECT_GCC=/cvmfs/larsoft.opensciencegrid.org/products/gcc/v9_3_0/Linux64bit+3.10-2.17/bin/c++
Target: x86_64-pc-linux-gnu
Configured with: /scratch/workspace/art-build-base/v11_00_00/SLF7/build/gcc/v9_3_0/src/gcc-9.3.0/configure --prefix=/scratch/workspace/art-build-base/v11_00_00/SLF7/build/gcc/v9_3_0/Linux64bit+3.10-2.17 --disable-libgcj --enable-threads=posix --enable-__cxa_atexit --enable-languages=c,c++,fortran,lto --with-system-zlib --enable-libstdcxx-time=rt --enable-stage1-checking=yes --enable-checking=release --enable-plugin --enable-lto
Thread model: posix
gcc version 9.3.0 (GCC) 
COLLECT_GCC_OPTIONS='-v' '-o' 'CMakeFiles/cmTC_b334e.dir/CMakeCXXCompilerABI.cpp.o' '-c' '-shared-libgcc' '-mtune=generic' '-march=x86-64'
 /cvmfs/larsoft.opensciencegrid.org/products/gcc/v9_3_0/Linux64bit+3.10-2.17/bin/../libexec/gcc/x86_64-pc-linux-gnu/9.3.0/cc1plus -quiet -v -iprefix /cvmfs/larsoft.opensciencegrid.org/products/gcc/v9_3_0/Linux64bit+3.10-2.17/bin/../lib/gcc/x86_64-pc-linux-gnu/9.3.0/ -D_GNU_SOURCE /cvmfs/larsoft.opensciencegrid.org/products/cmake/v3_20_0/Linux64bit+3.10-2.17/share/cmake-3.20/Modules/CMakeCXXCompilerABI.cpp -quiet -dumpbase CMakeCXXCompilerABI.cpp -mtune=generic -march=x86-64 -auxbase-strip CMakeFiles/cmTC_b334e.dir/CMakeCXXCompilerABI.cpp.o -version -o /tmp/ccEGHISg.s
GNU C++14 (GCC) version 9.3.0 (x86_64-pc-linux-gnu)
	compiled by GNU C version 9.3.0, GMP version 6.2.0, MPFR version 4.0.2, MPC version 1.1.0, isl version isl-0.18-GMP

GGC heuristics: --param ggc-min-expand=100 --param ggc-min-heapsize=131072
ignoring nonexistent directory "/cvmfs/larsoft.opensciencegrid.org/products/gcc/v9_3_0/Linux64bit+3.10-2.17/bin/../lib/gcc/x86_64-pc-linux-gnu/9.3.0/../../../../x86_64-pc-linux-gnu/include"
ignoring duplicate directory "/cvmfs/larsoft.opensciencegrid.org/products/gcc/v9_3_0/Linux64bit+3.10-2.17/bin/../lib/gcc/../../lib/gcc/x86_64-pc-linux-gnu/9.3.0/../../../../include/c++/9.3.0"
ignoring duplicate directory "/cvmfs/larsoft.opensciencegrid.org/products/gcc/v9_3_0/Linux64bit+3.10-2.17/bin/../lib/gcc/../../lib/gcc/x86_64-pc-linux-gnu/9.3.0/../../../../include/c++/9.3.0/x86_64-pc-linux-gnu"
ignoring duplicate directory "/cvmfs/larsoft.opensciencegrid.org/products/gcc/v9_3_0/Linux64bit+3.10-2.17/bin/../lib/gcc/../../lib/gcc/x86_64-pc-linux-gnu/9.3.0/../../../../include/c++/9.3.0/backward"
ignoring duplicate directory "/cvmfs/larsoft.opensciencegrid.org/products/gcc/v9_3_0/Linux64bit+3.10-2.17/bin/../lib/gcc/../../lib/gcc/x86_64-pc-linux-gnu/9.3.0/include"
ignoring duplicate directory "/cvmfs/larsoft.opensciencegrid.org/products/gcc/v9_3_0/Linux64bit+3.10-2.17/bin/../lib/gcc/../../lib/gcc/x86_64-pc-linux-gnu/9.3.0/include-fixed"
ignoring nonexistent directory "/cvmfs/larsoft.opensciencegrid.org/products/gcc/v9_3_0/Linux64bit+3.10-2.17/bin/../lib/gcc/../../lib/gcc/x86_64-pc-linux-gnu/9.3.0/../../../../x86_64-pc-linux-gnu/include"
#include "..." search starts here:
#include <...> search starts here:
 /cvmfs/larsoft.opensciencegrid.org/products/tbb/v2020_2a/Linux64bit+3.10-2.17-e20-prof/include
 /cvmfs/larsoft.opensciencegrid.org/products/gcc/v9_3_0/Linux64bit+3.10-2.17/bin/../lib/gcc/x86_64-pc-linux-gnu/9.3.0/../../../../include/c++/9.3.0
 /cvmfs/larsoft.opensciencegrid.org/products/gcc/v9_3_0/Linux64bit+3.10-2.17/bin/../lib/gcc/x86_64-pc-linux-gnu/9.3.0/../../../../include/c++/9.3.0/x86_64-pc-linux-gnu
 /cvmfs/larsoft.opensciencegrid.org/products/gcc/v9_3_0/Linux64bit+3.10-2.17/bin/../lib/gcc/x86_64-pc-linux-gnu/9.3.0/../../../../include/c++/9.3.0/backward
 /cvmfs/larsoft.opensciencegrid.org/products/gcc/v9_3_0/Linux64bit+3.10-2.17/bin/../lib/gcc/x86_64-pc-linux-gnu/9.3.0/include
 /cvmfs/larsoft.opensciencegrid.org/products/gcc/v9_3_0/Linux64bit+3.10-2.17/bin/../lib/gcc/x86_64-pc-linux-gnu/9.3.0/include-fixed
 /usr/local/include
 /cvmfs/larsoft.opensciencegrid.org/products/gcc/v9_3_0/Linux64bit+3.10-2.17/bin/../lib/gcc/../../include
 /usr/include
End of search list.
GNU C++14 (GCC) version 9.3.0 (x86_64-pc-linux-gnu)
	compiled by GNU C version 9.3.0, GMP version 6.2.0, MPFR version 4.0.2, MPC version 1.1.0, isl version isl-0.18-GMP

GGC heuristics: --param ggc-min-expand=100 --param ggc-min-heapsize=131072
Compiler executable checksum: dc3b2bd628154baa68a7c9e3106d599e
COLLECT_GCC_OPTIONS='-v' '-o' 'CMakeFiles/cmTC_b334e.dir/CMakeCXXCompilerABI.cpp.o' '-c' '-shared-libgcc' '-mtune=generic' '-march=x86-64'
 as -v --64 -o CMakeFiles/cmTC_b334e.dir/CMakeCXXCompilerABI.cpp.o /tmp/ccEGHISg.s
GNU assembler version 2.27 (x86_64-redhat-linux) using BFD version version 2.27-44.base.el7_9.1
COMPILER_PATH=/cvmfs/larsoft.opensciencegrid.org/products/gcc/v9_3_0/Linux64bit+3.10-2.17/bin/../libexec/gcc/x86_64-pc-linux-gnu/9.3.0/:/cvmfs/larsoft.opensciencegrid.org/products/gcc/v9_3_0/Linux64bit+3.10-2.17/bin/../libexec/gcc/:/cvmfs/larsoft.opensciencegrid.org/products/gcc/v9_3_0/Linux64bit+3.10-2.17/bin/
LIBRARY_PATH=/cvmfs/larsoft.opensciencegrid.org/products/gcc/v9_3_0/Linux64bit+3.10-2.17/bin/../lib/gcc/x86_64-pc-linux-gnu/9.3.0/:/cvmfs/larsoft.opensciencegrid.org/products/gcc/v9_3_0/Linux64bit+3.10-2.17/bin/../lib/gcc/:/cvmfs/larsoft.opensciencegrid.org/products/gcc/v9_3_0/Linux64bit+3.10-2.17/bin/../lib/gcc/x86_64-pc-linux-gnu/9.3.0/../../../../lib64/:/lib/../lib64/:/usr/lib/../lib64/:/cvmfs/larsoft.opensciencegrid.org/products/libwda/v2_29_1/Linux64bit+3.10-2.17/lib/:/cvmfs/larsoft.opensciencegrid.org/products/gcc/v9_3_0/Linux64bit+3.10-2.17/bin/../lib/gcc/x86_64-pc-linux-gnu/9.3.0/../../../:/lib/:/usr/lib/
COLLECT_GCC_OPTIONS='-v' '-o' 'CMakeFiles/cmTC_b334e.dir/CMakeCXXCompilerABI.cpp.o' '-c' '-shared-libgcc' '-mtune=generic' '-march=x86-64'
Linking CXX executable cmTC_b334e
/cvmfs/larsoft.opensciencegrid.org/products/cmake/v3_20_0/Linux64bit+3.10-2.17/bin/cmake -E cmake_link_script CMakeFiles/cmTC_b334e.dir/link.txt --verbose=1
/cvmfs/larsoft.opensciencegrid.org/products/gcc/v9_3_0/Linux64bit+3.10-2.17/bin/c++  -v -rdynamic CMakeFiles/cmTC_b334e.dir/CMakeCXXCompilerABI.cpp.o -o cmTC_b334e 
Using built-in specs.
COLLECT_GCC=/cvmfs/larsoft.opensciencegrid.org/products/gcc/v9_3_0/Linux64bit+3.10-2.17/bin/c++
COLLECT_LTO_WRAPPER=/cvmfs/larsoft.opensciencegrid.org/products/gcc/v9_3_0/Linux64bit+3.10-2.17/bin/../libexec/gcc/x86_64-pc-linux-gnu/9.3.0/lto-wrapper
Target: x86_64-pc-linux-gnu
Configured with: /scratch/workspace/art-build-base/v11_00_00/SLF7/build/gcc/v9_3_0/src/gcc-9.3.0/configure --prefix=/scratch/workspace/art-build-base/v11_00_00/SLF7/build/gcc/v9_3_0/Linux64bit+3.10-2.17 --disable-libgcj --enable-threads=posix --enable-__cxa_atexit --enable-languages=c,c++,fortran,lto --with-system-zlib --enable-libstdcxx-time=rt --enable-stage1-checking=yes --enable-checking=release --enable-plugin --enable-lto
Thread model: posix
gcc version 9.3.0 (GCC) 
COMPILER_PATH=/cvmfs/larsoft.opensciencegrid.org/products/gcc/v9_3_0/Linux64bit+3.10-2.17/bin/../libexec/gcc/x86_64-pc-linux-gnu/9.3.0/:/cvmfs/larsoft.opensciencegrid.org/products/gcc/v9_3_0/Linux64bit+3.10-2.17/bin/../libexec/gcc/:/cvmfs/larsoft.opensciencegrid.org/products/gcc/v9_3_0/Linux64bit+3.10-2.17/bin/
LIBRARY_PATH=/cvmfs/larsoft.opensciencegrid.org/products/gcc/v9_3_0/Linux64bit+3.10-2.17/bin/../lib/gcc/x86_64-pc-linux-gnu/9.3.0/:/cvmfs/larsoft.opensciencegrid.org/products/gcc/v9_3_0/Linux64bit+3.10-2.17/bin/../lib/gcc/:/cvmfs/larsoft.opensciencegrid.org/products/gcc/v9_3_0/Linux64bit+3.10-2.17/bin/../lib/gcc/x86_64-pc-linux-gnu/9.3.0/../../../../lib64/:/lib/../lib64/:/usr/lib/../lib64/:/cvmfs/larsoft.opensciencegrid.org/products/libwda/v2_29_1/Linux64bit+3.10-2.17/lib/:/cvmfs/larsoft.opensciencegrid.org/products/gcc/v9_3_0/Linux64bit+3.10-2.17/bin/../lib/gcc/x86_64-pc-linux-gnu/9.3.0/../../../:/lib/:/usr/lib/
COLLECT_GCC_OPTIONS='-v' '-rdynamic' '-o' 'cmTC_b334e' '-shared-libgcc' '-mtune=generic' '-march=x86-64'
 /cvmfs/larsoft.opensciencegrid.org/products/gcc/v9_3_0/Linux64bit+3.10-2.17/bin/../libexec/gcc/x86_64-pc-linux-gnu/9.3.0/collect2 -plugin /cvmfs/larsoft.opensciencegrid.org/products/gcc/v9_3_0/Linux64bit+3.10-2.17/bin/../libexec/gcc/x86_64-pc-linux-gnu/9.3.0/liblto_plugin.so -plugin-opt=/cvmfs/larsoft.opensciencegrid.org/products/gcc/v9_3_0/Linux64bit+3.10-2.17/bin/../libexec/gcc/x86_64-pc-linux-gnu/9.3.0/lto-wrapper -plugin-opt=-fresolution=/tmp/ccSEluem.res -plugin-opt=-pass-through=-lgcc_s -plugin-opt=-pass-through=-lgcc -plugin-opt=-pass-through=-lc -plugin-opt=-pass-through=-lgcc_s -plugin-opt=-pass-through=-lgcc --eh-frame-hdr -m elf_x86_64 -export-dynamic -dynamic-linker /lib64/ld-linux-x86-64.so.2 -o cmTC_b334e /lib/../lib64/crt1.o /lib/../lib64/crti.o /cvmfs/larsoft.opensciencegrid.org/products/gcc/v9_3_0/Linux64bit+3.10-2.17/bin/../lib/gcc/x86_64-pc-linux-gnu/9.3.0/crtbegin.o -L/cvmfs/larsoft.opensciencegrid.org/products/gcc/v9_3_0/Linux64bit+3.10-2.17/bin/../lib/gcc/x86_64-pc-linux-gnu/9.3.0 -L/cvmfs/larsoft.opensciencegrid.org/products/gcc/v9_3_0/Linux64bit+3.10-2.17/bin/../lib/gcc -L/cvmfs/larsoft.opensciencegrid.org/products/gcc/v9_3_0/Linux64bit+3.10-2.17/bin/../lib/gcc/x86_64-pc-linux-gnu/9.3.0/../../../../lib64 -L/lib/../lib64 -L/usr/lib/../lib64 -L/cvmfs/larsoft.opensciencegrid.org/products/libwda/v2_29_1/Linux64bit+3.10-2.17/lib -L/cvmfs/larsoft.opensciencegrid.org/products/gcc/v9_3_0/Linux64bit+3.10-2.17/bin/../lib/gcc/x86_64-pc-linux-gnu/9.3.0/../../.. CMakeFiles/cmTC_b334e.dir/CMakeCXXCompilerABI.cpp.o -lstdc++ -lm -lgcc_s -lgcc -lc -lgcc_s -lgcc /cvmfs/larsoft.opensciencegrid.org/products/gcc/v9_3_0/Linux64bit+3.10-2.17/bin/../lib/gcc/x86_64-pc-linux-gnu/9.3.0/crtend.o /lib/../lib64/crtn.o
COLLECT_GCC_OPTIONS='-v' '-rdynamic' '-o' 'cmTC_b334e' '-shared-libgcc' '-mtune=generic' '-march=x86-64'
gmake[1]: Leaving directory `/dune/app/users/wenjiewu/FLArE_Dev/FLArE/CMakeFiles/CMakeTmp'



Parsed CXX implicit include dir info from above output: rv=done
  found start of include info
  found start of implicit include info
    add: [/cvmfs/larsoft.opensciencegrid.org/products/tbb/v2020_2a/Linux64bit+3.10-2.17-e20-prof/include]
    add: [/cvmfs/larsoft.opensciencegrid.org/products/gcc/v9_3_0/Linux64bit+3.10-2.17/bin/../lib/gcc/x86_64-pc-linux-gnu/9.3.0/../../../../include/c++/9.3.0]
    add: [/cvmfs/larsoft.opensciencegrid.org/products/gcc/v9_3_0/Linux64bit+3.10-2.17/bin/../lib/gcc/x86_64-pc-linux-gnu/9.3.0/../../../../include/c++/9.3.0/x86_64-pc-linux-gnu]
    add: [/cvmfs/larsoft.opensciencegrid.org/products/gcc/v9_3_0/Linux64bit+3.10-2.17/bin/../lib/gcc/x86_64-pc-linux-gnu/9.3.0/../../../../include/c++/9.3.0/backward]
    add: [/cvmfs/larsoft.opensciencegrid.org/products/gcc/v9_3_0/Linux64bit+3.10-2.17/bin/../lib/gcc/x86_64-pc-linux-gnu/9.3.0/include]
    add: [/cvmfs/larsoft.opensciencegrid.org/products/gcc/v9_3_0/Linux64bit+3.10-2.17/bin/../lib/gcc/x86_64-pc-linux-gnu/9.3.0/include-fixed]
    add: [/usr/local/include]
    add: [/cvmfs/larsoft.opensciencegrid.org/products/gcc/v9_3_0/Linux64bit+3.10-2.17/bin/../lib/gcc/../../include]
    add: [/usr/include]
  end of search list found
  collapse include dir [/cvmfs/larsoft.opensciencegrid.org/products/tbb/v2020_2a/Linux64bit+3.10-2.17-e20-prof/include] ==> [/cvmfs/larsoft.opensciencegrid.org/products/tbb/v2020_2a/Linux64bit+3.10-2.17-e20-prof/include]
  collapse include dir [/cvmfs/larsoft.opensciencegrid.org/products/gcc/v9_3_0/Linux64bit+3.10-2.17/bin/../lib/gcc/x86_64-pc-linux-gnu/9.3.0/../../../../include/c++/9.3.0] ==> [/cvmfs/larsoft.opensciencegrid.org/products/gcc/v9_3_0/Linux64bit+3.10-2.17/include/c++/9.3.0]
  collapse include dir [/cvmfs/larsoft.opensciencegrid.org/products/gcc/v9_3_0/Linux64bit+3.10-2.17/bin/../lib/gcc/x86_64-pc-linux-gnu/9.3.0/../../../../include/c++/9.3.0/x86_64-pc-linux-gnu] ==> [/cvmfs/larsoft.opensciencegrid.org/products/gcc/v9_3_0/Linux64bit+3.10-2.17/include/c++/9.3.0/x86_64-pc-linux-gnu]
  collapse include dir [/cvmfs/larsoft.opensciencegrid.org/products/gcc/v9_3_0/Linux64bit+3.10-2.17/bin/../lib/gcc/x86_64-pc-linux-gnu/9.3.0/../../../../include/c++/9.3.0/backward] ==> [/cvmfs/larsoft.opensciencegrid.org/products/gcc/v9_3_0/Linux64bit+3.10-2.17/include/c++/9.3.0/backward]
  collapse include dir [/cvmfs/larsoft.opensciencegrid.org/products/gcc/v9_3_0/Linux64bit+3.10-2.17/bin/../lib/gcc/x86_64-pc-linux-gnu/9.3.0/include] ==> [/cvmfs/larsoft.opensciencegrid.org/products/gcc/v9_3_0/Linux64bit+3.10-2.17/lib/gcc/x86_64-pc-linux-gnu/9.3.0/include]
  collapse include dir [/cvmfs/larsoft.opensciencegrid.org/products/gcc/v9_3_0/Linux64bit+3.10-2.17/bin/../lib/gcc/x86_64-pc-linux-gnu/9.3.0/include-fixed] ==> [/cvmfs/larsoft.opensciencegrid.org/products/gcc/v9_3_0/Linux64bit+3.10-2.17/lib/gcc/x86_64-pc-linux-gnu/9.3.0/include-fixed]
  collapse include dir [/usr/local/include] ==> [/usr/local/include]
  collapse include dir [/cvmfs/larsoft.opensciencegrid.org/products/gcc/v9_3_0/Linux64bit+3.10-2.17/bin/../lib/gcc/../../include] ==> [/cvmfs/larsoft.opensciencegrid.org/products/gcc/v9_3_0/Linux64bit+3.10-2.17/include]
  collapse include dir [/usr/include] ==> [/usr/include]
  implicit include dirs: [/cvmfs/larsoft.opensciencegrid.org/products/tbb/v2020_2a/Linux64bit+3.10-2.17-e20-prof/include;/cvmfs/larsoft.opensciencegrid.org/products/gcc/v9_3_0/Linux64bit+3.10-2.17/include/c++/9.3.0;/cvmfs/larsoft.opensciencegrid.org/products/gcc/v9_3_0/Linux64bit+3.10-2.17/include/c++/9.3.0/x86_64-pc-linux-gnu;/cvmfs/larsoft.opensciencegrid.org/products/gcc/v9_3_0/Linux64bit+3.10-2.17/include/c++/9.3.0/backward;/cvmfs/larsoft.opensciencegrid.org/products/gcc/v9_3_0/Linux64bit+3.10-2.17/lib/gcc/x86_64-pc-linux-gnu/9.3.0/include;/cvmfs/larsoft.opensciencegrid.org/products/gcc/v9_3_0/Linux64bit+3.10-2.17/lib/gcc/x86_64-pc-linux-gnu/9.3.0/include-fixed;/usr/local/include;/cvmfs/larsoft.opensciencegrid.org/products/gcc/v9_3_0/Linux64bit+3.10-2.17/include;/usr/include]


Parsed CXX implicit link information from above output:
  link line regex: [^( *|.*[/\])(ld|CMAKE_LINK_STARTFILE-NOTFOUND|([^/\]+-)?ld|collect2)[^/\]*( |$)]
  ignore line: [Change Dir: /dune/app/users/wenjiewu/FLArE_Dev/FLArE/CMakeFiles/CMakeTmp]
  ignore line: []
  ignore line: [Run Build Command(s):/usr/bin/gmake -f Makefile cmTC_b334e/fast && /usr/bin/gmake  -f CMakeFiles/cmTC_b334e.dir/build.make CMakeFiles/cmTC_b334e.dir/build]
  ignore line: [gmake[1]: Entering directory `/dune/app/users/wenjiewu/FLArE_Dev/FLArE/CMakeFiles/CMakeTmp']
  ignore line: [Building CXX object CMakeFiles/cmTC_b334e.dir/CMakeCXXCompilerABI.cpp.o]
  ignore line: [/cvmfs/larsoft.opensciencegrid.org/products/gcc/v9_3_0/Linux64bit+3.10-2.17/bin/c++   -v -o CMakeFiles/cmTC_b334e.dir/CMakeCXXCompilerABI.cpp.o -c /cvmfs/larsoft.opensciencegrid.org/products/cmake/v3_20_0/Linux64bit+3.10-2.17/share/cmake-3.20/Modules/CMakeCXXCompilerABI.cpp]
  ignore line: [Using built-in specs.]
  ignore line: [COLLECT_GCC=/cvmfs/larsoft.opensciencegrid.org/products/gcc/v9_3_0/Linux64bit+3.10-2.17/bin/c++]
  ignore line: [Target: x86_64-pc-linux-gnu]
  ignore line: [Configured with: /scratch/workspace/art-build-base/v11_00_00/SLF7/build/gcc/v9_3_0/src/gcc-9.3.0/configure --prefix=/scratch/workspace/art-build-base/v11_00_00/SLF7/build/gcc/v9_3_0/Linux64bit+3.10-2.17 --disable-libgcj --enable-threads=posix --enable-__cxa_atexit --enable-languages=c c++ fortran lto --with-system-zlib --enable-libstdcxx-time=rt --enable-stage1-checking=yes --enable-checking=release --enable-plugin --enable-lto]
  ignore line: [Thread model: posix]
  ignore line: [gcc version 9.3.0 (GCC) ]
  ignore line: [COLLECT_GCC_OPTIONS='-v' '-o' 'CMakeFiles/cmTC_b334e.dir/CMakeCXXCompilerABI.cpp.o' '-c' '-shared-libgcc' '-mtune=generic' '-march=x86-64']
  ignore line: [ /cvmfs/larsoft.opensciencegrid.org/products/gcc/v9_3_0/Linux64bit+3.10-2.17/bin/../libexec/gcc/x86_64-pc-linux-gnu/9.3.0/cc1plus -quiet -v -iprefix /cvmfs/larsoft.opensciencegrid.org/products/gcc/v9_3_0/Linux64bit+3.10-2.17/bin/../lib/gcc/x86_64-pc-linux-gnu/9.3.0/ -D_GNU_SOURCE /cvmfs/larsoft.opensciencegrid.org/products/cmake/v3_20_0/Linux64bit+3.10-2.17/share/cmake-3.20/Modules/CMakeCXXCompilerABI.cpp -quiet -dumpbase CMakeCXXCompilerABI.cpp -mtune=generic -march=x86-64 -auxbase-strip CMakeFiles/cmTC_b334e.dir/CMakeCXXCompilerABI.cpp.o -version -o /tmp/ccEGHISg.s]
  ignore line: [GNU C++14 (GCC) version 9.3.0 (x86_64-pc-linux-gnu)]
  ignore line: [	compiled by GNU C version 9.3.0  GMP version 6.2.0  MPFR version 4.0.2  MPC version 1.1.0  isl version isl-0.18-GMP]
  ignore line: []
  ignore line: [GGC heuristics: --param ggc-min-expand=100 --param ggc-min-heapsize=131072]
  ignore line: [ignoring nonexistent directory "/cvmfs/larsoft.opensciencegrid.org/products/gcc/v9_3_0/Linux64bit+3.10-2.17/bin/../lib/gcc/x86_64-pc-linux-gnu/9.3.0/../../../../x86_64-pc-linux-gnu/include"]
  ignore line: [ignoring duplicate directory "/cvmfs/larsoft.opensciencegrid.org/products/gcc/v9_3_0/Linux64bit+3.10-2.17/bin/../lib/gcc/../../lib/gcc/x86_64-pc-linux-gnu/9.3.0/../../../../include/c++/9.3.0"]
  ignore line: [ignoring duplicate directory "/cvmfs/larsoft.opensciencegrid.org/products/gcc/v9_3_0/Linux64bit+3.10-2.17/bin/../lib/gcc/../../lib/gcc/x86_64-pc-linux-gnu/9.3.0/../../../../include/c++/9.3.0/x86_64-pc-linux-gnu"]
  ignore line: [ignoring duplicate directory "/cvmfs/larsoft.opensciencegrid.org/products/gcc/v9_3_0/Linux64bit+3.10-2.17/bin/../lib/gcc/../../lib/gcc/x86_64-pc-linux-gnu/9.3.0/../../../../include/c++/9.3.0/backward"]
  ignore line: [ignoring duplicate directory "/cvmfs/larsoft.opensciencegrid.org/products/gcc/v9_3_0/Linux64bit+3.10-2.17/bin/../lib/gcc/../../lib/gcc/x86_64-pc-linux-gnu/9.3.0/include"]
  ignore line: [ignoring duplicate directory "/cvmfs/larsoft.opensciencegrid.org/products/gcc/v9_3_0/Linux64bit+3.10-2.17/bin/../lib/gcc/../../lib/gcc/x86_64-pc-linux-gnu/9.3.0/include-fixed"]
  ignore line: [ignoring nonexistent directory "/cvmfs/larsoft.opensciencegrid.org/products/gcc/v9_3_0/Linux64bit+3.10-2.17/bin/../lib/gcc/../../lib/gcc/x86_64-pc-linux-gnu/9.3.0/../../../../x86_64-pc-linux-gnu/include"]
  ignore line: [#include "..." search starts here:]
  ignore line: [#include <...> search starts here:]
  ignore line: [ /cvmfs/larsoft.opensciencegrid.org/products/tbb/v2020_2a/Linux64bit+3.10-2.17-e20-prof/include]
  ignore line: [ /cvmfs/larsoft.opensciencegrid.org/products/gcc/v9_3_0/Linux64bit+3.10-2.17/bin/../lib/gcc/x86_64-pc-linux-gnu/9.3.0/../../../../include/c++/9.3.0]
  ignore line: [ /cvmfs/larsoft.opensciencegrid.org/products/gcc/v9_3_0/Linux64bit+3.10-2.17/bin/../lib/gcc/x86_64-pc-linux-gnu/9.3.0/../../../../include/c++/9.3.0/x86_64-pc-linux-gnu]
  ignore line: [ /cvmfs/larsoft.opensciencegrid.org/products/gcc/v9_3_0/Linux64bit+3.10-2.17/bin/../lib/gcc/x86_64-pc-linux-gnu/9.3.0/../../../../include/c++/9.3.0/backward]
  ignore line: [ /cvmfs/larsoft.opensciencegrid.org/products/gcc/v9_3_0/Linux64bit+3.10-2.17/bin/../lib/gcc/x86_64-pc-linux-gnu/9.3.0/include]
  ignore line: [ /cvmfs/larsoft.opensciencegrid.org/products/gcc/v9_3_0/Linux64bit+3.10-2.17/bin/../lib/gcc/x86_64-pc-linux-gnu/9.3.0/include-fixed]
  ignore line: [ /usr/local/include]
  ignore line: [ /cvmfs/larsoft.opensciencegrid.org/products/gcc/v9_3_0/Linux64bit+3.10-2.17/bin/../lib/gcc/../../include]
  ignore line: [ /usr/include]
  ignore line: [End of search list.]
  ignore line: [GNU C++14 (GCC) version 9.3.0 (x86_64-pc-linux-gnu)]
  ignore line: [	compiled by GNU C version 9.3.0  GMP version 6.2.0  MPFR version 4.0.2  MPC version 1.1.0  isl version isl-0.18-GMP]
  ignore line: []
  ignore line: [GGC heuristics: --param ggc-min-expand=100 --param ggc-min-heapsize=131072]
  ignore line: [Compiler executable checksum: dc3b2bd628154baa68a7c9e3106d599e]
  ignore line: [COLLECT_GCC_OPTIONS='-v' '-o' 'CMakeFiles/cmTC_b334e.dir/CMakeCXXCompilerABI.cpp.o' '-c' '-shared-libgcc' '-mtune=generic' '-march=x86-64']
  ignore line: [ as -v --64 -o CMakeFiles/cmTC_b334e.dir/CMakeCXXCompilerABI.cpp.o /tmp/ccEGHISg.s]
  ignore line: [GNU assembler version 2.27 (x86_64-redhat-linux) using BFD version version 2.27-44.base.el7_9.1]
  ignore line: [COMPILER_PATH=/cvmfs/larsoft.opensciencegrid.org/products/gcc/v9_3_0/Linux64bit+3.10-2.17/bin/../libexec/gcc/x86_64-pc-linux-gnu/9.3.0/:/cvmfs/larsoft.opensciencegrid.org/products/gcc/v9_3_0/Linux64bit+3.10-2.17/bin/../libexec/gcc/:/cvmfs/larsoft.opensciencegrid.org/products/gcc/v9_3_0/Linux64bit+3.10-2.17/bin/]
  ignore line: [LIBRARY_PATH=/cvmfs/larsoft.opensciencegrid.org/products/gcc/v9_3_0/Linux64bit+3.10-2.17/bin/../lib/gcc/x86_64-pc-linux-gnu/9.3.0/:/cvmfs/larsoft.opensciencegrid.org/products/gcc/v9_3_0/Linux64bit+3.10-2.17/bin/../lib/gcc/:/cvmfs/larsoft.opensciencegrid.org/products/gcc/v9_3_0/Linux64bit+3.10-2.17/bin/../lib/gcc/x86_64-pc-linux-gnu/9.3.0/../../../../lib64/:/lib/../lib64/:/usr/lib/../lib64/:/cvmfs/larsoft.opensciencegrid.org/products/libwda/v2_29_1/Linux64bit+3.10-2.17/lib/:/cvmfs/larsoft.opensciencegrid.org/products/gcc/v9_3_0/Linux64bit+3.10-2.17/bin/../lib/gcc/x86_64-pc-linux-gnu/9.3.0/../../../:/lib/:/usr/lib/]
  ignore line: [COLLECT_GCC_OPTIONS='-v' '-o' 'CMakeFiles/cmTC_b334e.dir/CMakeCXXCompilerABI.cpp.o' '-c' '-shared-libgcc' '-mtune=generic' '-march=x86-64']
  ignore line: [Linking CXX executable cmTC_b334e]
  ignore line: [/cvmfs/larsoft.opensciencegrid.org/products/cmake/v3_20_0/Linux64bit+3.10-2.17/bin/cmake -E cmake_link_script CMakeFiles/cmTC_b334e.dir/link.txt --verbose=1]
  ignore line: [/cvmfs/larsoft.opensciencegrid.org/products/gcc/v9_3_0/Linux64bit+3.10-2.17/bin/c++  -v -rdynamic CMakeFiles/cmTC_b334e.dir/CMakeCXXCompilerABI.cpp.o -o cmTC_b334e ]
  ignore line: [Using built-in specs.]
  ignore line: [COLLECT_GCC=/cvmfs/larsoft.opensciencegrid.org/products/gcc/v9_3_0/Linux64bit+3.10-2.17/bin/c++]
  ignore line: [COLLECT_LTO_WRAPPER=/cvmfs/larsoft.opensciencegrid.org/products/gcc/v9_3_0/Linux64bit+3.10-2.17/bin/../libexec/gcc/x86_64-pc-linux-gnu/9.3.0/lto-wrapper]
  ignore line: [Target: x86_64-pc-linux-gnu]
  ignore line: [Configured with: /scratch/workspace/art-build-base/v11_00_00/SLF7/build/gcc/v9_3_0/src/gcc-9.3.0/configure --prefix=/scratch/workspace/art-build-base/v11_00_00/SLF7/build/gcc/v9_3_0/Linux64bit+3.10-2.17 --disable-libgcj --enable-threads=posix --enable-__cxa_atexit --enable-languages=c c++ fortran lto --with-system-zlib --enable-libstdcxx-time=rt --enable-stage1-checking=yes --enable-checking=release --enable-plugin --enable-lto]
  ignore line: [Thread model: posix]
  ignore line: [gcc version 9.3.0 (GCC) ]
  ignore line: [COMPILER_PATH=/cvmfs/larsoft.opensciencegrid.org/products/gcc/v9_3_0/Linux64bit+3.10-2.17/bin/../libexec/gcc/x86_64-pc-linux-gnu/9.3.0/:/cvmfs/larsoft.opensciencegrid.org/products/gcc/v9_3_0/Linux64bit+3.10-2.17/bin/../libexec/gcc/:/cvmfs/larsoft.opensciencegrid.org/products/gcc/v9_3_0/Linux64bit+3.10-2.17/bin/]
  ignore line: [LIBRARY_PATH=/cvmfs/larsoft.opensciencegrid.org/products/gcc/v9_3_0/Linux64bit+3.10-2.17/bin/../lib/gcc/x86_64-pc-linux-gnu/9.3.0/:/cvmfs/larsoft.opensciencegrid.org/products/gcc/v9_3_0/Linux64bit+3.10-2.17/bin/../lib/gcc/:/cvmfs/larsoft.opensciencegrid.org/products/gcc/v9_3_0/Linux64bit+3.10-2.17/bin/../lib/gcc/x86_64-pc-linux-gnu/9.3.0/../../../../lib64/:/lib/../lib64/:/usr/lib/../lib64/:/cvmfs/larsoft.opensciencegrid.org/products/libwda/v2_29_1/Linux64bit+3.10-2.17/lib/:/cvmfs/larsoft.opensciencegrid.org/products/gcc/v9_3_0/Linux64bit+3.10-2.17/bin/../lib/gcc/x86_64-pc-linux-gnu/9.3.0/../../../:/lib/:/usr/lib/]
  ignore line: [COLLECT_GCC_OPTIONS='-v' '-rdynamic' '-o' 'cmTC_b334e' '-shared-libgcc' '-mtune=generic' '-march=x86-64']
  link line: [ /cvmfs/larsoft.opensciencegrid.org/products/gcc/v9_3_0/Linux64bit+3.10-2.17/bin/../libexec/gcc/x86_64-pc-linux-gnu/9.3.0/collect2 -plugin /cvmfs/larsoft.opensciencegrid.org/products/gcc/v9_3_0/Linux64bit+3.10-2.17/bin/../libexec/gcc/x86_64-pc-linux-gnu/9.3.0/liblto_plugin.so -plugin-opt=/cvmfs/larsoft.opensciencegrid.org/products/gcc/v9_3_0/Linux64bit+3.10-2.17/bin/../libexec/gcc/x86_64-pc-linux-gnu/9.3.0/lto-wrapper -plugin-opt=-fresolution=/tmp/ccSEluem.res -plugin-opt=-pass-through=-lgcc_s -plugin-opt=-pass-through=-lgcc -plugin-opt=-pass-through=-lc -plugin-opt=-pass-through=-lgcc_s -plugin-opt=-pass-through=-lgcc --eh-frame-hdr -m elf_x86_64 -export-dynamic -dynamic-linker /lib64/ld-linux-x86-64.so.2 -o cmTC_b334e /lib/../lib64/crt1.o /lib/../lib64/crti.o /cvmfs/larsoft.opensciencegrid.org/products/gcc/v9_3_0/Linux64bit+3.10-2.17/bin/../lib/gcc/x86_64-pc-linux-gnu/9.3.0/crtbegin.o -L/cvmfs/larsoft.opensciencegrid.org/products/gcc/v9_3_0/Linux64bit+3.10-2.17/bin/../lib/gcc/x86_64-pc-linux-gnu/9.3.0 -L/cvmfs/larsoft.opensciencegrid.org/products/gcc/v9_3_0/Linux64bit+3.10-2.17/bin/../lib/gcc -L/cvmfs/larsoft.opensciencegrid.org/products/gcc/v9_3_0/Linux64bit+3.10-2.17/bin/../lib/gcc/x86_64-pc-linux-gnu/9.3.0/../../../../lib64 -L/lib/../lib64 -L/usr/lib/../lib64 -L/cvmfs/larsoft.opensciencegrid.org/products/libwda/v2_29_1/Linux64bit+3.10-2.17/lib -L/cvmfs/larsoft.opensciencegrid.org/products/gcc/v9_3_0/Linux64bit+3.10-2.17/bin/../lib/gcc/x86_64-pc-linux-gnu/9.3.0/../../.. CMakeFiles/cmTC_b334e.dir/CMakeCXXCompilerABI.cpp.o -lstdc++ -lm -lgcc_s -lgcc -lc -lgcc_s -lgcc /cvmfs/larsoft.opensciencegrid.org/products/gcc/v9_3_0/Linux64bit+3.10-2.17/bin/../lib/gcc/x86_64-pc-linux-gnu/9.3.0/crtend.o /lib/../lib64/crtn.o]
    arg [/cvmfs/larsoft.opensciencegrid.org/products/gcc/v9_3_0/Linux64bit+3.10-2.17/bin/../libexec/gcc/x86_64-pc-linux-gnu/9.3.0/collect2] ==> ignore
    arg [-plugin] ==> ignore
    arg [/cvmfs/larsoft.opensciencegrid.org/products/gcc/v9_3_0/Linux64bit+3.10-2.17/bin/../libexec/gcc/x86_64-pc-linux-gnu/9.3.0/liblto_plugin.so] ==> ignore
    arg [-plugin-opt=/cvmfs/larsoft.opensciencegrid.org/products/gcc/v9_3_0/Linux64bit+3.10-2.17/bin/../libexec/gcc/x86_64-pc-linux-gnu/9.3.0/lto-wrapper] ==> ignore
    arg [-plugin-opt=-fresolution=/tmp/ccSEluem.res] ==> ignore
    arg [-plugin-opt=-pass-through=-lgcc_s] ==> ignore
    arg [-plugin-opt=-pass-through=-lgcc] ==> ignore
    arg [-plugin-opt=-pass-through=-lc] ==> ignore
    arg [-plugin-opt=-pass-through=-lgcc_s] ==> ignore
    arg [-plugin-opt=-pass-through=-lgcc] ==> ignore
    arg [--eh-frame-hdr] ==> ignore
    arg [-m] ==> ignore
    arg [elf_x86_64] ==> ignore
    arg [-export-dynamic] ==> ignore
    arg [-dynamic-linker] ==> ignore
    arg [/lib64/ld-linux-x86-64.so.2] ==> ignore
    arg [-o] ==> ignore
    arg [cmTC_b334e] ==> ignore
    arg [/lib/../lib64/crt1.o] ==> ignore
    arg [/lib/../lib64/crti.o] ==> ignore
    arg [/cvmfs/larsoft.opensciencegrid.org/products/gcc/v9_3_0/Linux64bit+3.10-2.17/bin/../lib/gcc/x86_64-pc-linux-gnu/9.3.0/crtbegin.o] ==> ignore
    arg [-L/cvmfs/larsoft.opensciencegrid.org/products/gcc/v9_3_0/Linux64bit+3.10-2.17/bin/../lib/gcc/x86_64-pc-linux-gnu/9.3.0] ==> dir [/cvmfs/larsoft.opensciencegrid.org/products/gcc/v9_3_0/Linux64bit+3.10-2.17/bin/../lib/gcc/x86_64-pc-linux-gnu/9.3.0]
    arg [-L/cvmfs/larsoft.opensciencegrid.org/products/gcc/v9_3_0/Linux64bit+3.10-2.17/bin/../lib/gcc] ==> dir [/cvmfs/larsoft.opensciencegrid.org/products/gcc/v9_3_0/Linux64bit+3.10-2.17/bin/../lib/gcc]
    arg [-L/cvmfs/larsoft.opensciencegrid.org/products/gcc/v9_3_0/Linux64bit+3.10-2.17/bin/../lib/gcc/x86_64-pc-linux-gnu/9.3.0/../../../../lib64] ==> dir [/cvmfs/larsoft.opensciencegrid.org/products/gcc/v9_3_0/Linux64bit+3.10-2.17/bin/../lib/gcc/x86_64-pc-linux-gnu/9.3.0/../../../../lib64]
    arg [-L/lib/../lib64] ==> dir [/lib/../lib64]
    arg [-L/usr/lib/../lib64] ==> dir [/usr/lib/../lib64]
    arg [-L/cvmfs/larsoft.opensciencegrid.org/products/libwda/v2_29_1/Linux64bit+3.10-2.17/lib] ==> dir [/cvmfs/larsoft.opensciencegrid.org/products/libwda/v2_29_1/Linux64bit+3.10-2.17/lib]
    arg [-L/cvmfs/larsoft.opensciencegrid.org/products/gcc/v9_3_0/Linux64bit+3.10-2.17/bin/../lib/gcc/x86_64-pc-linux-gnu/9.3.0/../../..] ==> dir [/cvmfs/larsoft.opensciencegrid.org/products/gcc/v9_3_0/Linux64bit+3.10-2.17/bin/../lib/gcc/x86_64-pc-linux-gnu/9.3.0/../../..]
    arg [CMakeFiles/cmTC_b334e.dir/CMakeCXXCompilerABI.cpp.o] ==> ignore
    arg [-lstdc++] ==> lib [stdc++]
    arg [-lm] ==> lib [m]
    arg [-lgcc_s] ==> lib [gcc_s]
    arg [-lgcc] ==> lib [gcc]
    arg [-lc] ==> lib [c]
    arg [-lgcc_s] ==> lib [gcc_s]
    arg [-lgcc] ==> lib [gcc]
    arg [/cvmfs/larsoft.opensciencegrid.org/products/gcc/v9_3_0/Linux64bit+3.10-2.17/bin/../lib/gcc/x86_64-pc-linux-gnu/9.3.0/crtend.o] ==> ignore
    arg [/lib/../lib64/crtn.o] ==> ignore
  collapse library dir [/cvmfs/larsoft.opensciencegrid.org/products/gcc/v9_3_0/Linux64bit+3.10-2.17/bin/../lib/gcc/x86_64-pc-linux-gnu/9.3.0] ==> [/cvmfs/larsoft.opensciencegrid.org/products/gcc/v9_3_0/Linux64bit+3.10-2.17/lib/gcc/x86_64-pc-linux-gnu/9.3.0]
  collapse library dir [/cvmfs/larsoft.opensciencegrid.org/products/gcc/v9_3_0/Linux64bit+3.10-2.17/bin/../lib/gcc] ==> [/cvmfs/larsoft.opensciencegrid.org/products/gcc/v9_3_0/Linux64bit+3.10-2.17/lib/gcc]
  collapse library dir [/cvmfs/larsoft.opensciencegrid.org/products/gcc/v9_3_0/Linux64bit+3.10-2.17/bin/../lib/gcc/x86_64-pc-linux-gnu/9.3.0/../../../../lib64] ==> [/cvmfs/larsoft.opensciencegrid.org/products/gcc/v9_3_0/Linux64bit+3.10-2.17/lib64]
  collapse library dir [/lib/../lib64] ==> [/lib64]
  collapse library dir [/usr/lib/../lib64] ==> [/usr/lib64]
  collapse library dir [/cvmfs/larsoft.opensciencegrid.org/products/libwda/v2_29_1/Linux64bit+3.10-2.17/lib] ==> [/cvmfs/larsoft.opensciencegrid.org/products/libwda/v2_29_1/Linux64bit+3.10-2.17/lib]
  collapse library dir [/cvmfs/larsoft.opensciencegrid.org/products/gcc/v9_3_0/Linux64bit+3.10-2.17/bin/../lib/gcc/x86_64-pc-linux-gnu/9.3.0/../../..] ==> [/cvmfs/larsoft.opensciencegrid.org/products/gcc/v9_3_0/Linux64bit+3.10-2.17/lib]
  implicit libs: [stdc++;m;gcc_s;gcc;c;gcc_s;gcc]
  implicit dirs: [/cvmfs/larsoft.opensciencegrid.org/products/gcc/v9_3_0/Linux64bit+3.10-2.17/lib/gcc/x86_64-pc-linux-gnu/9.3.0;/cvmfs/larsoft.opensciencegrid.org/products/gcc/v9_3_0/Linux64bit+3.10-2.17/lib/gcc;/cvmfs/larsoft.opensciencegrid.org/products/gcc/v9_3_0/Linux64bit+3.10-2.17/lib64;/lib64;/usr/lib64;/cvmfs/larsoft.opensciencegrid.org/products/libwda/v2_29_1/Linux64bit+3.10-2.17/lib;/cvmfs/larsoft.opensciencegrid.org/products/gcc/v9_3_0/Linux64bit+3.10-2.17/lib]
  implicit fwks: []


Determining if the function XOpenDisplay exists in the /usr/lib64/libX11.so;/usr/lib64/libXext.so passed with the following output:
Change Dir: /dune/app/users/wenjiewu/FLArE_Dev/FLArE/CMakeFiles/CMakeTmp

Run Build Command(s):/usr/bin/gmake -f Makefile cmTC_faebc/fast && /usr/bin/gmake  -f CMakeFiles/cmTC_faebc.dir/build.make CMakeFiles/cmTC_faebc.dir/build
gmake[1]: Entering directory `/dune/app/users/wenjiewu/FLArE_Dev/FLArE/CMakeFiles/CMakeTmp'
Building C object CMakeFiles/cmTC_faebc.dir/CheckFunctionExists.c.o
/cvmfs/larsoft.opensciencegrid.org/products/gcc/v9_3_0/Linux64bit+3.10-2.17/bin/cc   -DCHECK_FUNCTION_EXISTS=XOpenDisplay -o CMakeFiles/cmTC_faebc.dir/CheckFunctionExists.c.o -c /cvmfs/larsoft.opensciencegrid.org/products/cmake/v3_20_0/Linux64bit+3.10-2.17/share/cmake-3.20/Modules/CheckFunctionExists.c
Linking C executable cmTC_faebc
/cvmfs/larsoft.opensciencegrid.org/products/cmake/v3_20_0/Linux64bit+3.10-2.17/bin/cmake -E cmake_link_script CMakeFiles/cmTC_faebc.dir/link.txt --verbose=1
/cvmfs/larsoft.opensciencegrid.org/products/gcc/v9_3_0/Linux64bit+3.10-2.17/bin/cc  -DCHECK_FUNCTION_EXISTS=XOpenDisplay CMakeFiles/cmTC_faebc.dir/CheckFunctionExists.c.o -o cmTC_faebc  /usr/lib64/libX11.so /usr/lib64/libXext.so 
gmake[1]: Leaving directory `/dune/app/users/wenjiewu/FLArE_Dev/FLArE/CMakeFiles/CMakeTmp'



Determining if the function gethostbyname exists passed with the following output:
Change Dir: /dune/app/users/wenjiewu/FLArE_Dev/FLArE/CMakeFiles/CMakeTmp

Run Build Command(s):/usr/bin/gmake -f Makefile cmTC_02b43/fast && /usr/bin/gmake  -f CMakeFiles/cmTC_02b43.dir/build.make CMakeFiles/cmTC_02b43.dir/build
gmake[1]: Entering directory `/dune/app/users/wenjiewu/FLArE_Dev/FLArE/CMakeFiles/CMakeTmp'
Building C object CMakeFiles/cmTC_02b43.dir/CheckFunctionExists.c.o
/cvmfs/larsoft.opensciencegrid.org/products/gcc/v9_3_0/Linux64bit+3.10-2.17/bin/cc   -DCHECK_FUNCTION_EXISTS=gethostbyname -o CMakeFiles/cmTC_02b43.dir/CheckFunctionExists.c.o -c /cvmfs/larsoft.opensciencegrid.org/products/cmake/v3_20_0/Linux64bit+3.10-2.17/share/cmake-3.20/Modules/CheckFunctionExists.c
Linking C executable cmTC_02b43
/cvmfs/larsoft.opensciencegrid.org/products/cmake/v3_20_0/Linux64bit+3.10-2.17/bin/cmake -E cmake_link_script CMakeFiles/cmTC_02b43.dir/link.txt --verbose=1
/cvmfs/larsoft.opensciencegrid.org/products/gcc/v9_3_0/Linux64bit+3.10-2.17/bin/cc  -DCHECK_FUNCTION_EXISTS=gethostbyname CMakeFiles/cmTC_02b43.dir/CheckFunctionExists.c.o -o cmTC_02b43 
gmake[1]: Leaving directory `/dune/app/users/wenjiewu/FLArE_Dev/FLArE/CMakeFiles/CMakeTmp'



Determining if the function connect exists passed with the following output:
Change Dir: /dune/app/users/wenjiewu/FLArE_Dev/FLArE/CMakeFiles/CMakeTmp

Run Build Command(s):/usr/bin/gmake -f Makefile cmTC_f5532/fast && /usr/bin/gmake  -f CMakeFiles/cmTC_f5532.dir/build.make CMakeFiles/cmTC_f5532.dir/build
gmake[1]: Entering directory `/dune/app/users/wenjiewu/FLArE_Dev/FLArE/CMakeFiles/CMakeTmp'
Building C object CMakeFiles/cmTC_f5532.dir/CheckFunctionExists.c.o
/cvmfs/larsoft.opensciencegrid.org/products/gcc/v9_3_0/Linux64bit+3.10-2.17/bin/cc   -DCHECK_FUNCTION_EXISTS=connect -o CMakeFiles/cmTC_f5532.dir/CheckFunctionExists.c.o -c /cvmfs/larsoft.opensciencegrid.org/products/cmake/v3_20_0/Linux64bit+3.10-2.17/share/cmake-3.20/Modules/CheckFunctionExists.c
Linking C executable cmTC_f5532
/cvmfs/larsoft.opensciencegrid.org/products/cmake/v3_20_0/Linux64bit+3.10-2.17/bin/cmake -E cmake_link_script CMakeFiles/cmTC_f5532.dir/link.txt --verbose=1
/cvmfs/larsoft.opensciencegrid.org/products/gcc/v9_3_0/Linux64bit+3.10-2.17/bin/cc  -DCHECK_FUNCTION_EXISTS=connect CMakeFiles/cmTC_f5532.dir/CheckFunctionExists.c.o -o cmTC_f5532 
gmake[1]: Leaving directory `/dune/app/users/wenjiewu/FLArE_Dev/FLArE/CMakeFiles/CMakeTmp'



Determining if the function remove exists passed with the following output:
Change Dir: /dune/app/users/wenjiewu/FLArE_Dev/FLArE/CMakeFiles/CMakeTmp

Run Build Command(s):/usr/bin/gmake -f Makefile cmTC_7842b/fast && /usr/bin/gmake  -f CMakeFiles/cmTC_7842b.dir/build.make CMakeFiles/cmTC_7842b.dir/build
gmake[1]: Entering directory `/dune/app/users/wenjiewu/FLArE_Dev/FLArE/CMakeFiles/CMakeTmp'
Building C object CMakeFiles/cmTC_7842b.dir/CheckFunctionExists.c.o
/cvmfs/larsoft.opensciencegrid.org/products/gcc/v9_3_0/Linux64bit+3.10-2.17/bin/cc   -DCHECK_FUNCTION_EXISTS=remove -o CMakeFiles/cmTC_7842b.dir/CheckFunctionExists.c.o -c /cvmfs/larsoft.opensciencegrid.org/products/cmake/v3_20_0/Linux64bit+3.10-2.17/share/cmake-3.20/Modules/CheckFunctionExists.c
Linking C executable cmTC_7842b
/cvmfs/larsoft.opensciencegrid.org/products/cmake/v3_20_0/Linux64bit+3.10-2.17/bin/cmake -E cmake_link_script CMakeFiles/cmTC_7842b.dir/link.txt --verbose=1
/cvmfs/larsoft.opensciencegrid.org/products/gcc/v9_3_0/Linux64bit+3.10-2.17/bin/cc  -DCHECK_FUNCTION_EXISTS=remove CMakeFiles/cmTC_7842b.dir/CheckFunctionExists.c.o -o cmTC_7842b 
gmake[1]: Leaving directory `/dune/app/users/wenjiewu/FLArE_Dev/FLArE/CMakeFiles/CMakeTmp'



Determining if the function shmat exists passed with the following output:
Change Dir: /dune/app/users/wenjiewu/FLArE_Dev/FLArE/CMakeFiles/CMakeTmp

Run Build Command(s):/usr/bin/gmake -f Makefile cmTC_de933/fast && /usr/bin/gmake  -f CMakeFiles/cmTC_de933.dir/build.make CMakeFiles/cmTC_de933.dir/build
gmake[1]: Entering directory `/dune/app/users/wenjiewu/FLArE_Dev/FLArE/CMakeFiles/CMakeTmp'
Building C object CMakeFiles/cmTC_de933.dir/CheckFunctionExists.c.o
/cvmfs/larsoft.opensciencegrid.org/products/gcc/v9_3_0/Linux64bit+3.10-2.17/bin/cc   -DCHECK_FUNCTION_EXISTS=shmat -o CMakeFiles/cmTC_de933.dir/CheckFunctionExists.c.o -c /cvmfs/larsoft.opensciencegrid.org/products/cmake/v3_20_0/Linux64bit+3.10-2.17/share/cmake-3.20/Modules/CheckFunctionExists.c
Linking C executable cmTC_de933
/cvmfs/larsoft.opensciencegrid.org/products/cmake/v3_20_0/Linux64bit+3.10-2.17/bin/cmake -E cmake_link_script CMakeFiles/cmTC_de933.dir/link.txt --verbose=1
/cvmfs/larsoft.opensciencegrid.org/products/gcc/v9_3_0/Linux64bit+3.10-2.17/bin/cc  -DCHECK_FUNCTION_EXISTS=shmat CMakeFiles/cmTC_de933.dir/CheckFunctionExists.c.o -o cmTC_de933 
gmake[1]: Leaving directory `/dune/app/users/wenjiewu/FLArE_Dev/FLArE/CMakeFiles/CMakeTmp'



Determining if the function IceConnectionNumber exists in the ICE passed with the following output:
Change Dir: /dune/app/users/wenjiewu/FLArE_Dev/FLArE/CMakeFiles/CMakeTmp

Run Build Command(s):/usr/bin/gmake -f Makefile cmTC_b53ca/fast && /usr/bin/gmake  -f CMakeFiles/cmTC_b53ca.dir/build.make CMakeFiles/cmTC_b53ca.dir/build
gmake[1]: Entering directory `/dune/app/users/wenjiewu/FLArE_Dev/FLArE/CMakeFiles/CMakeTmp'
Building C object CMakeFiles/cmTC_b53ca.dir/CheckFunctionExists.c.o
/cvmfs/larsoft.opensciencegrid.org/products/gcc/v9_3_0/Linux64bit+3.10-2.17/bin/cc   -DCHECK_FUNCTION_EXISTS=IceConnectionNumber -o CMakeFiles/cmTC_b53ca.dir/CheckFunctionExists.c.o -c /cvmfs/larsoft.opensciencegrid.org/products/cmake/v3_20_0/Linux64bit+3.10-2.17/share/cmake-3.20/Modules/CheckFunctionExists.c
Linking C executable cmTC_b53ca
/cvmfs/larsoft.opensciencegrid.org/products/cmake/v3_20_0/Linux64bit+3.10-2.17/bin/cmake -E cmake_link_script CMakeFiles/cmTC_b53ca.dir/link.txt --verbose=1
/cvmfs/larsoft.opensciencegrid.org/products/gcc/v9_3_0/Linux64bit+3.10-2.17/bin/cc  -DCHECK_FUNCTION_EXISTS=IceConnectionNumber CMakeFiles/cmTC_b53ca.dir/CheckFunctionExists.c.o -o cmTC_b53ca  -lICE 
gmake[1]: Leaving directory `/dune/app/users/wenjiewu/FLArE_Dev/FLArE/CMakeFiles/CMakeTmp'



